2026-02-13 13:14:14,420 [INFO]   - Fetching main SERP for 'marriage counseling vancouver'...
2026-02-13 13:14:14,420 [INFO] API Call Parameters: {
  "engine": "google",
  "q": "marriage counseling vancouver",
  "location": "Vancouver, British Columbia, Canada",
  "hl": "en",
  "gl": "ca",
  "api_key": "REDACTED",
  "num": 100,
  "device": "desktop",
  "no_cache": true
}
2026-02-13 13:14:14,575 [INFO] API Return Message: {
  "error": "Your account has run out of searches."
}
2026-02-13 13:14:14,575 [ERROR] API Error (attempt 1): Your account has run out of searches.
2026-02-13 13:14:15,942 [INFO] API Return Message: {
  "error": "Your account has run out of searches."
}
2026-02-13 13:14:15,942 [ERROR] API Error (attempt 2): Your account has run out of searches.
2026-02-13 13:14:18,298 [INFO] API Return Message: {
  "error": "Your account has run out of searches."
}
2026-02-13 13:14:18,299 [ERROR] API Error (attempt 3): Your account has run out of searches.
